<?xml version="1.0" encoding="UTF-8"?>
<testsuite xmlns:xsi="http://www.w3.org/2001/XMLSchema-instance" xsi:noNamespaceSchemaLocation="https://maven.apache.org/surefire/maven-surefire-plugin/xsd/surefire-test-report.xsd" name="com.examly.springapp.SpringApplicationTests" time="15.366" tests="4" errors="0" skipped="0" failures="3">
  <properties>
[...]
</properties>
  <testcase name="backPage" classname="com.examly.springapp.SpringApplicationTests" time="0.114">
    <failure message="expected [Learning and assessment solution for Universities and Enterprises] but found []" type="java.lang.AssertionError">java.lang.AssertionError: expected [Learning and assessment solution for Universities and Enterprises] but found []
	at com.examly.springapp.SpringApplicationTests.backPage(SpringApplicationTests.java:48)
</failure>
    <system-err><![CDATA[Aug 07, 2023 6:50:40 AM org.openqa.selenium.remote.ProtocolHandshake createSession
INFO: Detected dialect: W3C
]]></system-err>
  </testcase>
  <testcase name="currentURL" classname="com.examly.springapp.SpringApplicationTests" time="0.351"/>
  <testcase name="iamNeo" classname="com.examly.springapp.SpringApplicationTests" time="3.807">
    <failure message="unknown error: session deleted because of page crash&#10;from unknown error: cannot determine loading status&#10;from tab crashed&#10;  (Session info: chrome=114.0.5735.133)&#10;Build info: version: &apos;3.141.59&apos;, revision: &apos;e82be7d358&apos;, time: &apos;2018-11-14T08:17:03&apos;&#10;System info: host: &apos;facaedaeecdefddfddddfcfdabdafecefecf-0&apos;, ip: &apos;10.56.122.3&apos;, os.name: &apos;Linux&apos;, os.arch: &apos;amd64&apos;, os.version: &apos;5.10.162+&apos;, java.version: &apos;11.0.18&apos;&#10;Driver info: org.openqa.selenium.remote.RemoteWebDriver&#10;Capabilities {acceptInsecureCerts: false, browserName: chrome, browserVersion: 114.0.5735.133, chrome: {chromedriverVersion: 114.0.5735.90 (386bc09e8f4f..., userDataDir: /tmp/.com.google.Chrome.JszArB}, goog:chromeOptions: {debuggerAddress: localhost:46051}, javascriptEnabled: true, networkConnectionEnabled: false, pageLoadStrategy: normal, platform: LINUX, platformName: LINUX, proxy: Proxy(), se:bidiEnabled: false, se:cdp: ws://10.56.122.3:4444/sessi..., se:cdpVersion: 114.0.5735.133, se:vnc: ws://10.56.122.3:4444/sessi..., se:vncEnabled: true, se:vncLocalAddress: ws://10.56.122.3:7900, setWindowRect: true, strictFileInteractability: false, timeouts: {implicit: 0, pageLoad: 300000, script: 30000}, unhandledPromptBehavior: dismiss and notify, webauthn:extension:credBlob: true, webauthn:extension:largeBlob: true, webauthn:extension:minPinLength: true, webauthn:extension:prf: true, webauthn:virtualAuthenticators: true}&#10;Session ID: 0c0318d850420976158d367196390752" type="org.openqa.selenium.WebDriverException">org.openqa.selenium.WebDriverException: 
unknown error: session deleted because of page crash
from unknown error: cannot determine loading status
from tab crashed
  (Session info: chrome=114.0.5735.133)
Build info: version: '3.141.59', revision: 'e82be7d358', time: '2018-11-14T08:17:03'
System info: host: 'facaedaeecdefddfddddfcfdabdafecefecf-0', ip: '10.56.122.3', os.name: 'Linux', os.arch: 'amd64', os.version: '5.10.162+', java.version: '11.0.18'
Driver info: org.openqa.selenium.remote.RemoteWebDriver
Capabilities {acceptInsecureCerts: false, browserName: chrome, browserVersion: 114.0.5735.133, chrome: {chromedriverVersion: 114.0.5735.90 (386bc09e8f4f..., userDataDir: /tmp/.com.google.Chrome.JszArB}, goog:chromeOptions: {debuggerAddress: localhost:46051}, javascriptEnabled: true, networkConnectionEnabled: false, pageLoadStrategy: normal, platform: LINUX, platformName: LINUX, proxy: Proxy(), se:bidiEnabled: false, se:cdp: ws://10.56.122.3:4444/sessi..., se:cdpVersion: 114.0.5735.133, se:vnc: ws://10.56.122.3:4444/sessi..., se:vncEnabled: true, se:vncLocalAddress: ws://10.56.122.3:7900, setWindowRect: true, strictFileInteractability: false, timeouts: {implicit: 0, pageLoad: 300000, script: 30000}, unhandledPromptBehavior: dismiss and notify, webauthn:extension:credBlob: true, webauthn:extension:largeBlob: true, webauthn:extension:minPinLength: true, webauthn:extension:prf: true, webauthn:virtualAuthenticators: true}
Session ID: 0c0318d850420976158d367196390752
	at com.examly.springapp.SpringApplicationTests.iamNeo(SpringApplicationTests.java:29)
</failure>
  </testcase>
  <testcase name="nextPage" classname="com.examly.springapp.SpringApplicationTests" time="0.09">
    <failure message="invalid session id&#10;Build info: version: &apos;3.141.59&apos;, revision: &apos;e82be7d358&apos;, time: &apos;2018-11-14T08:17:03&apos;&#10;System info: host: &apos;facaedaeecdefddfddddfcfdabdafecefecf-0&apos;, ip: &apos;10.56.122.3&apos;, os.name: &apos;Linux&apos;, os.arch: &apos;amd64&apos;, os.version: &apos;5.10.162+&apos;, java.version: &apos;11.0.18&apos;&#10;Driver info: org.openqa.selenium.remote.RemoteWebDriver&#10;Capabilities {acceptInsecureCerts: false, browserName: chrome, browserVersion: 114.0.5735.133, chrome: {chromedriverVersion: 114.0.5735.90 (386bc09e8f4f..., userDataDir: /tmp/.com.google.Chrome.JszArB}, goog:chromeOptions: {debuggerAddress: localhost:46051}, javascriptEnabled: true, networkConnectionEnabled: false, pageLoadStrategy: normal, platform: LINUX, platformName: LINUX, proxy: Proxy(), se:bidiEnabled: false, se:cdp: ws://10.56.122.3:4444/sessi..., se:cdpVersion: 114.0.5735.133, se:vnc: ws://10.56.122.3:4444/sessi..., se:vncEnabled: true, se:vncLocalAddress: ws://10.56.122.3:7900, setWindowRect: true, strictFileInteractability: false, timeouts: {implicit: 0, pageLoad: 300000, script: 30000}, unhandledPromptBehavior: dismiss and notify, webauthn:extension:credBlob: true, webauthn:extension:largeBlob: true, webauthn:extension:minPinLength: true, webauthn:extension:prf: true, webauthn:virtualAuthenticators: true}&#10;Session ID: 0c0318d850420976158d367196390752" type="org.openqa.selenium.NoSuchSessionException">org.openqa.selenium.NoSuchSessionException: 
invalid session id
Build info: version: '3.141.59', revision: 'e82be7d358', time: '2018-11-14T08:17:03'
System info: host: 'facaedaeecdefddfddddfcfdabdafecefecf-0', ip: '10.56.122.3', os.name: 'Linux', os.arch: 'amd64', os.version: '5.10.162+', java.version: '11.0.18'
Driver info: org.openqa.selenium.remote.RemoteWebDriver
Capabilities {acceptInsecureCerts: false, browserName: chrome, browserVersion: 114.0.5735.133, chrome: {chromedriverVersion: 114.0.5735.90 (386bc09e8f4f..., userDataDir: /tmp/.com.google.Chrome.JszArB}, goog:chromeOptions: {debuggerAddress: localhost:46051}, javascriptEnabled: true, networkConnectionEnabled: false, pageLoadStrategy: normal, platform: LINUX, platformName: LINUX, proxy: Proxy(), se:bidiEnabled: false, se:cdp: ws://10.56.122.3:4444/sessi..., se:cdpVersion: 114.0.5735.133, se:vnc: ws://10.56.122.3:4444/sessi..., se:vncEnabled: true, se:vncLocalAddress: ws://10.56.122.3:7900, setWindowRect: true, strictFileInteractability: false, timeouts: {implicit: 0, pageLoad: 300000, script: 30000}, unhandledPromptBehavior: dismiss and notify, webauthn:extension:credBlob: true, webauthn:extension:largeBlob: true, webauthn:extension:minPinLength: true, webauthn:extension:prf: true, webauthn:virtualAuthenticators: true}
Session ID: 0c0318d850420976158d367196390752
	at com.examly.springapp.SpringApplicationTests.nextPage(SpringApplicationTests.java:37)
</failure>
  </testcase>
</testsuite>