<?xml version="1.0" encoding="UTF-8"?>
<testng-results ignored="0" total="4" passed="4" failed="0" skipped="0">
  <reporter-output>
  </reporter-output>
  <suite started-at="2023-08-07T08:02:45 UTC" name="Surefire suite" finished-at="2023-08-07T08:02:51 UTC" duration-ms="5301">
    <groups>
    </groups>
    <test started-at="2023-08-07T08:02:45 UTC" name="Surefire test" finished-at="2023-08-07T08:02:51 UTC" duration-ms="5301">
      <class name="com.examly.springapp.SpringApplicationTests">
        <test-method is-config="true" signature="beforeTest()[pri:0, instance:com.examly.springapp.SpringApplicationTests@31d7b7bf]" started-at="2023-08-07T08:02:45 UTC" name="beforeTest" finished-at="2023-08-07T08:02:47 UTC" duration-ms="1569" status="PASS">
          <reporter-output>
          </reporter-output>
        </test-method> <!-- beforeTest -->
        <test-method signature="backPage()[pri:0, instance:com.examly.springapp.SpringApplicationTests@31d7b7bf]" started-at="2023-08-07T08:02:47 UTC" name="backPage" finished-at="2023-08-07T08:02:47 UTC" duration-ms="80" status="PASS">
          <reporter-output>
          </reporter-output>
        </test-method> <!-- backPage -->
        <test-method signature="currentURL()[pri:0, instance:com.examly.springapp.SpringApplicationTests@31d7b7bf]" started-at="2023-08-07T08:02:47 UTC" name="currentURL" finished-at="2023-08-07T08:02:47 UTC" duration-ms="119" status="PASS">
          <reporter-output>
          </reporter-output>
        </test-method> <!-- currentURL -->
        <test-method signature="iamNeo()[pri:0, instance:com.examly.springapp.SpringApplicationTests@31d7b7bf]" started-at="2023-08-07T08:02:47 UTC" name="iamNeo" finished-at="2023-08-07T08:02:50 UTC" duration-ms="2869" status="PASS">
          <reporter-output>
          </reporter-output>
        </test-method> <!-- iamNeo -->
        <test-method signature="nextPage()[pri:0, instance:com.examly.springapp.SpringApplicationTests@31d7b7bf]" started-at="2023-08-07T08:02:50 UTC" name="nextPage" finished-at="2023-08-07T08:02:50 UTC" duration-ms="469" status="PASS">
          <reporter-output>
          </reporter-output>
        </test-method> <!-- nextPage -->
        <test-method is-config="true" signature="afterTest()[pri:0, instance:com.examly.springapp.SpringApplicationTests@31d7b7bf]" started-at="2023-08-07T08:02:50 UTC" name="afterTest" finished-at="2023-08-07T08:02:51 UTC" duration-ms="110" status="PASS">
          <reporter-output>
          </reporter-output>
        </test-method> <!-- afterTest -->
      </class> <!-- com.examly.springapp.SpringApplicationTests -->
    </test> <!-- Surefire test -->
  </suite> <!-- Surefire suite -->
</testng-results>
