<?xml version="1.0" encoding="UTF-8"?>
<!-- Generated by org.testng.reporters.JUnitXMLReporter -->
<testsuite ignored="0" hostname="facaedaeecdefddfddddfcfdabdafecefecf-0" failures="3" tests="4" name="Surefire test" time="9.986" errors="0" timestamp="2023-08-07T06:59:46 UTC">
  <testcase classname="com.examly.springapp.SpringApplicationTests" name="backPage" time="0.119">
    <failure type="java.lang.AssertionError" message="expected [Learning and assessment solution for Universities and Enterprises] but found []">
      <![CDATA[java.lang.AssertionError: expected [Learning and assessment solution for Universities and Enterprises] but found []
at com.examly.springapp.SpringApplicationTests.backPage(SpringApplicationTests.java:48)
at java.base/java.util.ArrayList.forEach(ArrayList.java:1541)
... Removed 38 stack frames]]>
    </failure>
  </testcase> <!-- backPage -->
  <testcase classname="com.examly.springapp.SpringApplicationTests" name="currentURL" time="0.152"/>
  <testcase classname="com.examly.springapp.SpringApplicationTests" name="iamNeo" time="4.071">
    <failure type="java.lang.AssertionError" message="expected [Learning and assessment solution for Universities and Enterprises] but found [Home - iamneo]">
      <![CDATA[java.lang.AssertionError: expected [Learning and assessment solution for Universities and Enterprises] but found [Home - iamneo]
at com.examly.springapp.SpringApplicationTests.iamNeo(SpringApplicationTests.java:31)
at java.base/java.util.ArrayList.forEach(ArrayList.java:1541)
... Removed 38 stack frames]]>
    </failure>
  </testcase> <!-- iamNeo -->
  <testcase classname="com.examly.springapp.SpringApplicationTests" name="nextPage" time="0.685">
    <failure type="java.lang.AssertionError" message="expected [Facebook â€“ log in or sign up] but found [Facebook - log in or sign up]">
      <![CDATA[java.lang.AssertionError: expected [Facebook â€“ log in or sign up] but found [Facebook - log in or sign up]
at com.examly.springapp.SpringApplicationTests.nextPage(SpringApplicationTests.java:39)
at java.base/java.util.ArrayList.forEach(ArrayList.java:1541)
... Removed 38 stack frames]]>
    </failure>
  </testcase> <!-- nextPage -->
</testsuite> <!-- Surefire test -->
